#
# There is insufficient memory for the Java Runtime Environment to continue.
# Native memory allocation (malloc) failed to allocate 1141936 bytes for Chunk::new
# Possible reasons:
#   The system is out of physical RAM or swap space
#   The process is running with CompressedOops enabled, and the Java Heap may be blocking the growth of the native heap
# Possible solutions:
#   Reduce memory load on the system
#   Increase physical memory or swap space
#   Check if swap backing store is full
#   Decrease Java heap size (-Xmx/-Xms)
#   Decrease number of Java threads
#   Decrease Java thread stack sizes (-Xss)
#   Set larger code cache with -XX:ReservedCodeCacheSize=
#   JVM is running with Unscaled Compressed Oops mode in which the Java heap is
#     placed in the first 4GB address space. The Java Heap base address is the
#     maximum limit for the native heap growth. Please use -XX:HeapBaseMinAddress
#     to set the Java Heap base and to place the Java Heap above 4GB virtual address.
# This output file may be truncated or incomplete.
#
#  Out of Memory Error (allocation.cpp:389), pid=9464, tid=0x0000000000005a34
#
# JRE version: OpenJDK Runtime Environment (8.0_242-b01) (build 1.8.0_242-release-1644-b01)
# Java VM: OpenJDK 64-Bit Server VM (25.242-b01 mixed mode windows-amd64 compressed oops)
# Failed to write core dump. Minidumps are not enabled by default on client versions of Windows
#

---------------  T H R E A D  ---------------

Current thread (0x000000001817d800):  JavaThread "C2 CompilerThread0" daemon [_thread_in_native, id=23092, stack(0x0000000019df0000,0x0000000019ef0000)]

Stack: [0x0000000019df0000,0x0000000019ef0000]
[error occurred during error reporting (printing stack bounds), id 0xc0000005]

Native frames: (J=compiled Java code, j=interpreted, Vv=VM code, C=native code)


Current CompileTask:
C2:  16677 5352 %     4       org.gradle.internal.instantiation.generator.AbstractClassGenerator::inspectType @ 107 (559 bytes)


---------------  P R O C E S S  ---------------

Java Threads: ( => current thread )
  0x000000001fcdd800 JavaThread "Cache worker for file content cache (D:\CP\GitHubfiles\IOTproject\.gradle\6.1.1\fileContent)" [_thread_blocked, id=30216, stack(0x0000000025840000,0x0000000025940000)]
  0x000000001fcdc800 JavaThread "Cache worker for file content cache (C:\Users\PC\.gradle\caches\6.1.1\fileContent)" [_thread_blocked, id=30208, stack(0x0000000025740000,0x0000000025840000)]
  0x000000001fce0800 JavaThread "Memory manager" [_thread_blocked, id=22840, stack(0x0000000025640000,0x0000000025740000)]
  0x000000001fcdc000 JavaThread "Cache worker for Build Output Cleanup Cache (D:\CP\GitHubfiles\IOTproject\.gradle\buildOutputCleanup)" [_thread_blocked, id=11292, stack(0x00000000232b0000,0x00000000233b0000)]
  0x000000001fcd9800 JavaThread "Build operations Thread 6" [_thread_blocked, id=10812, stack(0x00000000231b0000,0x00000000232b0000)]
  0x000000001fcdb000 JavaThread "Build operations Thread 5" [_thread_blocked, id=14224, stack(0x00000000230b0000,0x00000000231b0000)]
  0x000000001fcda800 JavaThread "Build operations Thread 4" [_thread_blocked, id=17988, stack(0x0000000022fb0000,0x00000000230b0000)]
  0x000000001fcd9000 JavaThread "Build operations Thread 3" [_thread_blocked, id=4540, stack(0x0000000022eb0000,0x0000000022fb0000)]
  0x000000001fcd5000 JavaThread "Build operations Thread 2" [_thread_blocked, id=28376, stack(0x0000000022db0000,0x0000000022eb0000)]
  0x000000001fcd3000 JavaThread "Build operations" [_thread_blocked, id=25384, stack(0x0000000022cb0000,0x0000000022db0000)]
  0x000000001fcd7800 JavaThread "Cache worker for execution history cache (C:\Users\PC\.gradle\caches\6.1.1\executionHistory)" [_thread_blocked, id=12240, stack(0x00000000221b0000,0x00000000222b0000)]
  0x000000001fcd6800 JavaThread "Cache worker for cache directory md-rule (C:\Users\PC\.gradle\caches\6.1.1\md-rule)" [_thread_blocked, id=5068, stack(0x0000000021e20000,0x0000000021f20000)]
  0x000000001c80f800 JavaThread "Cache worker for cache directory md-supplier (C:\Users\PC\.gradle\caches\6.1.1\md-supplier)" [_thread_blocked, id=7108, stack(0x0000000021d20000,0x0000000021e20000)]
  0x000000001c80e800 JavaThread "Cache worker for file hash cache (D:\CP\GitHubfiles\IOTproject\.gradle\6.1.1\fileHashes)" [_thread_blocked, id=5652, stack(0x00000000209e0000,0x0000000020ae0000)]
  0x000000001c810000 JavaThread "Cache worker for checksums cache (D:\CP\GitHubfiles\IOTproject\.gradle\checksums)" [_thread_blocked, id=30496, stack(0x00000000208e0000,0x00000000209e0000)]
  0x000000001c80e000 JavaThread "Cache worker for file hash cache (C:\Users\PC\.gradle\caches\6.1.1\fileHashes)" [_thread_blocked, id=16932, stack(0x000000001e640000,0x000000001e740000)]
  0x000000001c811000 JavaThread "File lock request listener" [_thread_in_native, id=8108, stack(0x000000001e540000,0x000000001e640000)]
  0x000000001c8d4000 JavaThread "Cache worker for journal cache (C:\Users\PC\.gradle\caches\journal-1)" [_thread_blocked, id=18376, stack(0x000000001e340000,0x000000001e440000)]
  0x000000001c815000 JavaThread "Thread-9" [_thread_blocked, id=26340, stack(0x000000001e040000,0x000000001e140000)]
  0x000000001c814000 JavaThread "Stdin handler" [_thread_blocked, id=24772, stack(0x000000001df40000,0x000000001e040000)]
  0x000000001c793000 JavaThread "Asynchronous log dispatcher for DefaultDaemonConnection: socket connection from /127.0.0.1:64253 to /127.0.0.1:64254" [_thread_blocked, id=6400, stack(0x000000001de40000,0x000000001df40000)]
  0x000000001c807000 JavaThread "Daemon worker" [_thread_in_native, id=15592, stack(0x000000001dd40000,0x000000001de40000)]
  0x000000001c821000 JavaThread "Cancel handler" [_thread_blocked, id=14956, stack(0x000000001dc40000,0x000000001dd40000)]
  0x000000001c77d800 JavaThread "Handler for socket connection from /127.0.0.1:64253 to /127.0.0.1:64254" [_thread_in_native, id=15004, stack(0x000000001d940000,0x000000001da40000)]
  0x000000001c77d000 JavaThread "Daemon" [_thread_blocked, id=9444, stack(0x000000001d840000,0x000000001d940000)]
  0x000000001c77a000 JavaThread "Daemon periodic checks" [_thread_blocked, id=29888, stack(0x000000001d740000,0x000000001d840000)]
  0x000000001c752000 JavaThread "Incoming local TCP Connector on port 64253" [_thread_in_native, id=8256, stack(0x000000001d500000,0x000000001d600000)]
  0x000000001c69d800 JavaThread "Daemon health stats" [_thread_blocked, id=1184, stack(0x000000001bec0000,0x000000001bfc0000)]
  0x000000001a15d000 JavaThread "Service Thread" daemon [_thread_blocked, id=18480, stack(0x000000001a4f0000,0x000000001a5f0000)]
  0x0000000018183800 JavaThread "C1 CompilerThread2" daemon [_thread_blocked, id=16144, stack(0x0000000019ff0000,0x000000001a0f0000)]
  0x0000000018182800 JavaThread "C2 CompilerThread1" daemon [_thread_blocked, id=748, stack(0x0000000019ef0000,0x0000000019ff0000)]
=>0x000000001817d800 JavaThread "C2 CompilerThread0" daemon [_thread_in_native, id=23092, stack(0x0000000019df0000,0x0000000019ef0000)]
  0x0000000018179000 JavaThread "Attach Listener" daemon [_thread_blocked, id=10184, stack(0x0000000019cf0000,0x0000000019df0000)]
  0x0000000018176800 JavaThread "Signal Dispatcher" daemon [_thread_blocked, id=15348, stack(0x0000000019bf0000,0x0000000019cf0000)]
  0x000000000330b000 JavaThread "Finalizer" daemon [_thread_blocked, id=15356, stack(0x00000000199f0000,0x0000000019af0000)]
  0x000000001815b000 JavaThread "Reference Handler" daemon [_thread_blocked, id=21824, stack(0x00000000198f0000,0x00000000199f0000)]
  0x000000000307e000 JavaThread "main" [_thread_blocked, id=29044, stack(0x0000000003110000,0x0000000003210000)]

Other Threads:
  0x0000000018137000 VMThread [stack: 0x00000000197f0000,0x00000000198f0000] [id=8204]
  0x000000001a166000 WatcherThread [stack: 0x000000001a5f0000,0x000000001a6f0000] [id=28752]

VM state:not at safepoint (normal execution)

VM Mutex/Monitor currently owned by a thread: None

heap address: 0x0000000080000000, size: 2048 MB, Compressed Oops mode: 32-bit
Narrow klass base: 0x0000000000000000, Narrow klass shift: 3
Compressed class space size: 1073741824 Address: 0x0000000100000000

Heap:
 PSYoungGen      total 419328K, used 60316K [0x00000000d5580000, 0x00000000ffe80000, 0x0000000100000000)
  eden space 393216K, 15% used [0x00000000d5580000,0x00000000d9067260,0x00000000ed580000)
  from space 26112K, 0% used [0x00000000ed580000,0x00000000ed580000,0x00000000eef00000)
  to   space 27136K, 0% used [0x00000000fe400000,0x00000000fe400000,0x00000000ffe80000)
 ParOldGen       total 177664K, used 32577K [0x0000000080000000, 0x000000008ad80000, 0x00000000d5580000)
  object space 177664K, 18% used [0x0000000080000000,0x0000000081fd0528,0x000000008ad80000)
 Metaspace       used 61499K, capacity 63644K, committed 63792K, reserved 1103872K
  class space    used 8434K, capacity 8936K, committed 9008K, reserved 1048576K

Card table byte_map: [0x00000000126d0000,0x0000000012ae0000] byte_map_base: 0x00000000122d0000

Marking Bits: (ParMarkBitMap*) 0x000000005311f030
 Begin Bits: [0x0000000013390000, 0x0000000015390000)
 End Bits:   [0x0000000015390000, 0x0000000017390000)

Polling page: 0x0000000000ff0000

CodeCache: size=245760Kb used=17602Kb max_used=17613Kb free=228157Kb
 bounds [0x0000000003310000, 0x0000000004450000, 0x0000000012310000]
 total_blobs=6030 nmethods=5206 adapters=737
 compilation: enabled

Compilation events (10 events):
Event: 16.652 Thread 0x0000000018182800 nmethod 5836 0x0000000004449a10 code [0x0000000004449b40, 0x0000000004449e18]
Event: 16.652 Thread 0x0000000018182800 5853       4       sun.security.util.math.intpoly.IntegerPolynomialP256::carryReduce (895 bytes)
Event: 16.655 Thread 0x0000000018182800 nmethod 5853 0x0000000004449190 code [0x00000000044492e0, 0x0000000004449928]
Event: 16.655 Thread 0x0000000018182800 5854       4       sun.security.util.math.intpoly.IntegerPolynomial$MutableElement::setValue (6 bytes)
Event: 16.656 Thread 0x0000000018182800 nmethod 5854 0x0000000004442250 code [0x00000000044423a0, 0x00000000044424d8]
Event: 16.656 Thread 0x0000000018182800 5855       4       sun.security.util.math.intpoly.IntegerPolynomial$MutableElement::setProduct (6 bytes)
Event: 16.656 Thread 0x0000000018182800 nmethod 5855 0x0000000004444d50 code [0x0000000004444ea0, 0x0000000004444fc8]
Event: 16.656 Thread 0x0000000018182800 5856       4       sun.security.util.math.intpoly.IntegerPolynomialP256::mult (943 bytes)
Event: 16.659 Thread 0x0000000018183800 5861       3       com.sun.crypto.provider.AESCrypt::mul4 (181 bytes)
Event: 16.659 Thread 0x0000000018183800 nmethod 5861 0x0000000004445190 code [0x00000000044453a0, 0x0000000004445dd0]

GC Heap History (10 events):
Event: 7.207 GC heap before
{Heap before GC invocations=6 (full 1):
 PSYoungGen      total 242688K, used 63143K [0x00000000d5580000, 0x00000000e6a80000, 0x0000000100000000)
  eden space 231936K, 22% used [0x00000000d5580000,0x00000000d88ae020,0x00000000e3800000)
  from space 10752K, 99% used [0x00000000e6000000,0x00000000e6a7bd70,0x00000000e6a80000)
  to   space 10752K, 0% used [0x00000000e5580000,0x00000000e5580000,0x00000000e6000000)
 ParOldGen       total 93184K, used 14702K [0x0000000080000000, 0x0000000085b00000, 0x00000000d5580000)
  object space 93184K, 15% used [0x0000000080000000,0x0000000080e5b988,0x0000000085b00000)
 Metaspace       used 34615K, capacity 35414K, committed 35496K, reserved 1079296K
  class space    used 4743K, capacity 4972K, committed 5040K, reserved 1048576K
Event: 7.213 GC heap after
Heap after GC invocations=6 (full 1):
 PSYoungGen      total 272896K, used 9019K [0x00000000d5580000, 0x00000000efe80000, 0x0000000100000000)
  eden space 262144K, 0% used [0x00000000d5580000,0x00000000d5580000,0x00000000e5580000)
  from space 10752K, 83% used [0x00000000e5580000,0x00000000e5e4eea0,0x00000000e6000000)
  to   space 15872K, 0% used [0x00000000eef00000,0x00000000eef00000,0x00000000efe80000)
 ParOldGen       total 93184K, used 14710K [0x0000000080000000, 0x0000000085b00000, 0x00000000d5580000)
  object space 93184K, 15% used [0x0000000080000000,0x0000000080e5d988,0x0000000085b00000)
 Metaspace       used 34615K, capacity 35414K, committed 35496K, reserved 1079296K
  class space    used 4743K, capacity 4972K, committed 5040K, reserved 1048576K
}
Event: 7.213 GC heap before
{Heap before GC invocations=7 (full 2):
 PSYoungGen      total 272896K, used 9019K [0x00000000d5580000, 0x00000000efe80000, 0x0000000100000000)
  eden space 262144K, 0% used [0x00000000d5580000,0x00000000d5580000,0x00000000e5580000)
  from space 10752K, 83% used [0x00000000e5580000,0x00000000e5e4eea0,0x00000000e6000000)
  to   space 15872K, 0% used [0x00000000eef00000,0x00000000eef00000,0x00000000efe80000)
 ParOldGen       total 93184K, used 14710K [0x0000000080000000, 0x0000000085b00000, 0x00000000d5580000)
  object space 93184K, 15% used [0x0000000080000000,0x0000000080e5d988,0x0000000085b00000)
 Metaspace       used 34615K, capacity 35414K, committed 35496K, reserved 1079296K
  class space    used 4743K, capacity 4972K, committed 5040K, reserved 1048576K
Event: 7.261 GC heap after
Heap after GC invocations=7 (full 2):
 PSYoungGen      total 272896K, used 0K [0x00000000d5580000, 0x00000000efe80000, 0x0000000100000000)
  eden space 262144K, 0% used [0x00000000d5580000,0x00000000d5580000,0x00000000e5580000)
  from space 10752K, 0% used [0x00000000e5580000,0x00000000e5580000,0x00000000e6000000)
  to   space 15872K, 0% used [0x00000000eef00000,0x00000000eef00000,0x00000000efe80000)
 ParOldGen       total 127488K, used 15539K [0x0000000080000000, 0x0000000087c80000, 0x00000000d5580000)
  object space 127488K, 12% used [0x0000000080000000,0x0000000080f2ced8,0x0000000087c80000)
 Metaspace       used 34615K, capacity 35414K, committed 35496K, reserved 1079296K
  class space    used 4743K, capacity 4972K, committed 5040K, reserved 1048576K
}
Event: 15.328 GC heap before
{Heap before GC invocations=8 (full 2):
 PSYoungGen      total 272896K, used 262144K [0x00000000d5580000, 0x00000000efe80000, 0x0000000100000000)
  eden space 262144K, 100% used [0x00000000d5580000,0x00000000e5580000,0x00000000e5580000)
  from space 10752K, 0% used [0x00000000e5580000,0x00000000e5580000,0x00000000e6000000)
  to   space 15872K, 0% used [0x00000000eef00000,0x00000000eef00000,0x00000000efe80000)
 ParOldGen       total 127488K, used 15539K [0x0000000080000000, 0x0000000087c80000, 0x00000000d5580000)
  object space 127488K, 12% used [0x0000000080000000,0x0000000080f2ced8,0x0000000087c80000)
 Metaspace       used 54094K, capacity 56048K, committed 56240K, reserved 1097728K
  class space    used 7360K, capacity 7838K, committed 7856K, reserved 1048576K
Event: 15.350 GC heap after
Heap after GC invocations=8 (full 2):
 PSYoungGen      total 409088K, used 15852K [0x00000000d5580000, 0x00000000f1a80000, 0x0000000100000000)
  eden space 393216K, 0% used [0x00000000d5580000,0x00000000d5580000,0x00000000ed580000)
  from space 15872K, 99% used [0x00000000eef00000,0x00000000efe7b310,0x00000000efe80000)
  to   space 26112K, 0% used [0x00000000ed580000,0x00000000ed580000,0x00000000eef00000)
 ParOldGen       total 127488K, used 29368K [0x0000000080000000, 0x0000000087c80000, 0x00000000d5580000)
  object space 127488K, 23% used [0x0000000080000000,0x0000000081cae070,0x0000000087c80000)
 Metaspace       used 54094K, capacity 56048K, committed 56240K, reserved 1097728K
  class space    used 7360K, capacity 7838K, committed 7856K, reserved 1048576K
}
Event: 15.706 GC heap before
{Heap before GC invocations=9 (full 2):
 PSYoungGen      total 409088K, used 58606K [0x00000000d5580000, 0x00000000f1a80000, 0x0000000100000000)
  eden space 393216K, 10% used [0x00000000d5580000,0x00000000d7f40858,0x00000000ed580000)
  from space 15872K, 99% used [0x00000000eef00000,0x00000000efe7b310,0x00000000efe80000)
  to   space 26112K, 0% used [0x00000000ed580000,0x00000000ed580000,0x00000000eef00000)
 ParOldGen       total 127488K, used 29368K [0x0000000080000000, 0x0000000087c80000, 0x00000000d5580000)
  object space 127488K, 23% used [0x0000000080000000,0x0000000081cae070,0x0000000087c80000)
 Metaspace       used 56998K, capacity 59094K, committed 59160K, reserved 1099776K
  class space    used 7830K, capacity 8313K, committed 8368K, reserved 1048576K
Event: 15.718 GC heap after
Heap after GC invocations=9 (full 2):
 PSYoungGen      total 419328K, used 19389K [0x00000000d5580000, 0x00000000ffe80000, 0x0000000100000000)
  eden space 393216K, 0% used [0x00000000d5580000,0x00000000d5580000,0x00000000ed580000)
  from space 26112K, 74% used [0x00000000ed580000,0x00000000ee86f5d0,0x00000000eef00000)
  to   space 27136K, 0% used [0x00000000fe400000,0x00000000fe400000,0x00000000ffe80000)
 ParOldGen       total 127488K, used 29376K [0x0000000080000000, 0x0000000087c80000, 0x00000000d5580000)
  object space 127488K, 23% used [0x0000000080000000,0x0000000081cb0070,0x0000000087c80000)
 Metaspace       used 56998K, capacity 59094K, committed 59160K, reserved 1099776K
  class space    used 7830K, capacity 8313K, committed 8368K, reserved 1048576K
}
Event: 15.718 GC heap before
{Heap before GC invocations=10 (full 3):
 PSYoungGen      total 419328K, used 19389K [0x00000000d5580000, 0x00000000ffe80000, 0x0000000100000000)
  eden space 393216K, 0% used [0x00000000d5580000,0x00000000d5580000,0x00000000ed580000)
  from space 26112K, 74% used [0x00000000ed580000,0x00000000ee86f5d0,0x00000000eef00000)
  to   space 27136K, 0% used [0x00000000fe400000,0x00000000fe400000,0x00000000ffe80000)
 ParOldGen       total 127488K, used 29376K [0x0000000080000000, 0x0000000087c80000, 0x00000000d5580000)
  object space 127488K, 23% used [0x0000000080000000,0x0000000081cb0070,0x0000000087c80000)
 Metaspace       used 56998K, capacity 59094K, committed 59160K, reserved 1099776K
  class space    used 7830K, capacity 8313K, committed 8368K, reserved 1048576K
Event: 15.856 GC heap after
Heap after GC invocations=10 (full 3):
 PSYoungGen      total 419328K, used 0K [0x00000000d5580000, 0x00000000ffe80000, 0x0000000100000000)
  eden space 393216K, 0% used [0x00000000d5580000,0x00000000d5580000,0x00000000ed580000)
  from space 26112K, 0% used [0x00000000ed580000,0x00000000ed580000,0x00000000eef00000)
  to   space 27136K, 0% used [0x00000000fe400000,0x00000000fe400000,0x00000000ffe80000)
 ParOldGen       total 177664K, used 32577K [0x0000000080000000, 0x000000008ad80000, 0x00000000d5580000)
  object space 177664K, 18% used [0x0000000080000000,0x0000000081fd0528,0x000000008ad80000)
 Metaspace       used 56976K, capacity 59016K, committed 59160K, reserved 1099776K
  class space    used 7823K, capacity 8300K, committed 8368K, reserved 1048576K
}

Deoptimization events (10 events):
Event: 16.214 Thread 0x000000001c807000 Uncommon trap: reason=unstable_if action=reinterpret pc=0x0000000004167dc8 method=java.util.regex.Pattern.newSlice([IIZ)Ljava/util/regex/Pattern$Node; @ 10
Event: 16.215 Thread 0x000000001c807000 Uncommon trap: reason=unstable_if action=reinterpret pc=0x0000000003a96adc method=sun.misc.MetaIndex.mayContain(Ljava/lang/String;)Z @ 38
Event: 16.353 Thread 0x000000001c807000 Uncommon trap: reason=unstable_if action=reinterpret pc=0x000000000370e5b0 method=java.lang.String.regionMatches(ZILjava/lang/String;II)Z @ 123
Event: 16.354 Thread 0x000000001c807000 Uncommon trap: reason=unstable_if action=reinterpret pc=0x0000000004006b48 method=java.lang.String.regionMatches(ZILjava/lang/String;II)Z @ 123
Event: 16.354 Thread 0x000000001c807000 Uncommon trap: reason=null_check action=make_not_entrant pc=0x000000000428f0e8 method=java.net.URL.getURLStreamHandler(Ljava/lang/String;)Ljava/net/URLStreamHandler; @ 7
Event: 16.355 Thread 0x000000001c807000 Uncommon trap: reason=unstable_if action=reinterpret pc=0x0000000003f93b80 method=sun.net.util.IPAddressUtil.scan(Ljava/lang/String;JJ[C)I @ 14
Event: 16.398 Thread 0x000000001c807000 Uncommon trap: reason=unstable_if action=reinterpret pc=0x00000000038e9e24 method=java.util.concurrent.ConcurrentHashMap.putVal(Ljava/lang/Object;Ljava/lang/Object;Z)Ljava/lang/Object; @ 195
Event: 16.400 Thread 0x000000001c807000 Uncommon trap: reason=unstable_if action=reinterpret pc=0x0000000003838a38 method=java.util.concurrent.ConcurrentHashMap.transfer([Ljava/util/concurrent/ConcurrentHashMap$Node;[Ljava/util/concurrent/ConcurrentHashMap$Node;)V @ 356
Event: 16.499 Thread 0x000000001c807000 Uncommon trap: reason=unstable_if action=reinterpret pc=0x0000000003652a30 method=java.net.URI$Parser.scan(IILjava/lang/String;Ljava/lang/String;)I @ 23
Event: 16.627 Thread 0x000000001c807000 Uncommon trap: reason=unstable_if action=reinterpret pc=0x0000000004237168 method=java.util.ArrayList.toArray([Ljava/lang/Object;)[Ljava/lang/Object; @ 48

Classes redefined (0 events):
No events

Internal exceptions (10 events):
Event: 15.291 Thread 0x000000001c807000 Exception <a 'java/lang/ClassNotFoundException': com/google/android/gms/dependencies/DependencyAnalyzerCustomizer> (0x00000000e507a688) thrown at [C:\src\AOSP-openjdk-git\hotspot\src\share\vm\classfile\systemDictionary.cpp, line 210]
Event: 15.299 Thread 0x000000001c807000 Exception <a 'java/lang/ClassNotFoundException': com/google/android/gms/dependencies/DependencyInspectorBeanInfo> (0x00000000e5112958) thrown at [C:\src\AOSP-openjdk-git\hotspot\src\share\vm\classfile\systemDictionary.cpp, line 210]
Event: 15.300 Thread 0x000000001c807000 Exception <a 'java/lang/ClassNotFoundException': com/google/android/gms/dependencies/DependencyInspectorCustomizer> (0x00000000e512fc98) thrown at [C:\src\AOSP-openjdk-git\hotspot\src\share\vm\classfile\systemDictionary.cpp, line 210]
Event: 15.302 Thread 0x000000001c807000 Exception <a 'java/lang/ClassNotFoundException': org/gradle/invocation/DefaultGradle_DecoratedBeanInfo> (0x00000000e51ae3b8) thrown at [C:\src\AOSP-openjdk-git\hotspot\src\share\vm\classfile\systemDictionary.cpp, line 210]
Event: 15.302 Thread 0x000000001c807000 Exception <a 'java/lang/ClassNotFoundException': org/gradle/invocation/DefaultGradleBeanInfo> (0x00000000e51c5808) thrown at [C:\src\AOSP-openjdk-git\hotspot\src\share\vm\classfile\systemDictionary.cpp, line 210]
Event: 15.302 Thread 0x000000001c807000 Exception <a 'java/lang/ClassNotFoundException': org/gradle/invocation/DefaultGradleCustomizer> (0x00000000e51dd0c0) thrown at [C:\src\AOSP-openjdk-git\hotspot\src\share\vm\classfile\systemDictionary.cpp, line 210]
Event: 15.303 Thread 0x000000001c807000 Exception <a 'java/lang/ClassNotFoundException': org/gradle/invocation/DefaultGradle_DecoratedCustomizer> (0x00000000e523f048) thrown at [C:\src\AOSP-openjdk-git\hotspot\src\share\vm\classfile\systemDictionary.cpp, line 210]
Event: 15.516 Thread 0x000000001c807000 Exception <a 'java/lang/ClassNotFoundException': com/sun/org/glassfish/hk2/osgiresourcelocator/ServiceLoader> (0x00000000d6a70708) thrown at [C:\src\AOSP-openjdk-git\hotspot\src\share\vm\classfile\systemDictionary.cpp, line 210]
Event: 15.569 Thread 0x000000001c807000 Exception <a 'java/lang/NullPointerException'> (0x00000000d7087d00) thrown at [C:\src\AOSP-openjdk-git\hotspot\src\share\vm\interpreter\linkResolver.cpp, line 1287]
Event: 16.354 Thread 0x000000001c807000 Implicit null exception at 0x000000000428ce38 to 0x000000000428f0cd

Events (10 events):
Event: 16.653 loading class com/sun/crypto/provider/CounterMode
Event: 16.653 loading class com/sun/crypto/provider/CounterMode done
Event: 16.654 loading class com/sun/crypto/provider/GaloisCounterMode
Event: 16.654 loading class com/sun/crypto/provider/GaloisCounterMode done
Event: 16.654 loading class com/sun/crypto/provider/CipherFeedback
Event: 16.654 loading class com/sun/crypto/provider/CipherFeedback done
Event: 16.654 loading class com/sun/crypto/provider/OutputFeedback
Event: 16.654 loading class com/sun/crypto/provider/OutputFeedback done
Event: 16.654 loading class com/sun/crypto/provider/PCBC
Event: 16.654 loading class com/sun/crypto/provider/PCBC done


Dynamic libraries:
0x00007ff7a3280000 - 0x00007ff7a32b1000 	D:\CP\New folder (6)\jre\bin\java.exe
0x00007ffe40a40000 - 0x00007ffe40c30000 	C:\WINDOWS\SYSTEM32\ntdll.dll
0x00007ffe3fba0000 - 0x00007ffe3fc52000 	C:\WINDOWS\System32\KERNEL32.DLL
0x00007ffe3da90000 - 0x00007ffe3dd34000 	C:\WINDOWS\System32\KERNELBASE.dll
0x00007ffe40920000 - 0x00007ffe409c3000 	C:\WINDOWS\System32\ADVAPI32.dll
0x00007ffe3ec80000 - 0x00007ffe3ed1e000 	C:\WINDOWS\System32\msvcrt.dll
0x00007ffe3faf0000 - 0x00007ffe3fb87000 	C:\WINDOWS\System32\sechost.dll
0x00007ffe3fcc0000 - 0x00007ffe3fde0000 	C:\WINDOWS\System32\RPCRT4.dll
0x00007ffe3f7f0000 - 0x00007ffe3f985000 	C:\WINDOWS\System32\USER32.dll
0x00007ffe3dd40000 - 0x00007ffe3dd61000 	C:\WINDOWS\System32\win32u.dll
0x00007ffe3eeb0000 - 0x00007ffe3eed6000 	C:\WINDOWS\System32\GDI32.dll
0x00007ffe3dd70000 - 0x00007ffe3df06000 	C:\WINDOWS\System32\gdi32full.dll
0x00007ffe3d9c0000 - 0x00007ffe3da5e000 	C:\WINDOWS\System32\msvcp_win.dll
0x00007ffe3e9f0000 - 0x00007ffe3eaea000 	C:\WINDOWS\System32\ucrtbase.dll
0x00007ffe35340000 - 0x00007ffe355c4000 	C:\WINDOWS\WinSxS\amd64_microsoft.windows.common-controls_6595b64144ccf1df_6.0.18362.1016_none_9e7a36bbe461dae4\COMCTL32.dll
0x00007ffe3f4a0000 - 0x00007ffe3f7d5000 	C:\WINDOWS\System32\combase.dll
0x00007ffe3dfc0000 - 0x00007ffe3e040000 	C:\WINDOWS\System32\bcryptPrimitives.dll
0x00007ffe409d0000 - 0x00007ffe409fe000 	C:\WINDOWS\System32\IMM32.DLL
0x0000000051f20000 - 0x0000000051ff2000 	D:\CP\New folder (6)\jre\jre\bin\msvcr100.dll
0x0000000052950000 - 0x000000005319b000 	D:\CP\New folder (6)\jre\jre\bin\server\jvm.dll
0x00007ffe3f7e0000 - 0x00007ffe3f7e8000 	C:\WINDOWS\System32\PSAPI.DLL
0x00007ffe2a9b0000 - 0x00007ffe2a9b9000 	C:\WINDOWS\SYSTEM32\WSOCK32.dll
0x00007ffe3a590000 - 0x00007ffe3a5b4000 	C:\WINDOWS\SYSTEM32\WINMM.dll
0x00007ffe39350000 - 0x00007ffe3935a000 	C:\WINDOWS\SYSTEM32\VERSION.dll
0x00007ffe408b0000 - 0x00007ffe4091f000 	C:\WINDOWS\System32\WS2_32.dll
0x00007ffe3a560000 - 0x00007ffe3a58d000 	C:\WINDOWS\SYSTEM32\WINMMBASE.dll
0x00007ffe3df10000 - 0x00007ffe3df5a000 	C:\WINDOWS\System32\cfgmgr32.dll
0x00007ffe3a090000 - 0x00007ffe3a09f000 	D:\CP\New folder (6)\jre\jre\bin\verify.dll
0x00007ffe20230000 - 0x00007ffe20259000 	D:\CP\New folder (6)\jre\jre\bin\java.dll
0x00007ffe34660000 - 0x00007ffe34676000 	D:\CP\New folder (6)\jre\jre\bin\zip.dll
0x00007ffe401c0000 - 0x00007ffe408a7000 	C:\WINDOWS\System32\SHELL32.dll
0x00007ffe3ed20000 - 0x00007ffe3edc9000 	C:\WINDOWS\System32\shcore.dll
0x00007ffe3e260000 - 0x00007ffe3e9e2000 	C:\WINDOWS\System32\windows.storage.dll
0x00007ffe3d970000 - 0x00007ffe3d993000 	C:\WINDOWS\System32\profapi.dll
0x00007ffe3d920000 - 0x00007ffe3d96a000 	C:\WINDOWS\System32\powrprof.dll
0x00007ffe3d8f0000 - 0x00007ffe3d900000 	C:\WINDOWS\System32\UMPDC.dll
0x00007ffe3fc60000 - 0x00007ffe3fcb2000 	C:\WINDOWS\System32\shlwapi.dll
0x00007ffe3d9a0000 - 0x00007ffe3d9b1000 	C:\WINDOWS\System32\kernel.appcore.dll
0x00007ffe3e040000 - 0x00007ffe3e057000 	C:\WINDOWS\System32\cryptsp.dll
0x00007ffe23930000 - 0x00007ffe2394a000 	D:\CP\New folder (6)\jre\jre\bin\net.dll
0x00007ffe3d0f0000 - 0x00007ffe3d157000 	C:\WINDOWS\system32\mswsock.dll
0x00007ffe22e60000 - 0x00007ffe22e73000 	D:\CP\New folder (6)\jre\jre\bin\nio.dll
0x00007ffdfce10000 - 0x00007ffdfce36000 	C:\Users\PC\.gradle\native\31\windows-amd64\native-platform.dll
0x00007ffe34b90000 - 0x00007ffe34b9d000 	D:\CP\New folder (6)\jre\jre\bin\management.dll
0x00007ffe3cc60000 - 0x00007ffe3cc93000 	C:\WINDOWS\system32\rsaenh.dll
0x00007ffe3da60000 - 0x00007ffe3da86000 	C:\WINDOWS\System32\bcrypt.dll
0x00007ffe3d7e0000 - 0x00007ffe3d805000 	C:\WINDOWS\SYSTEM32\USERENV.dll
0x00007ffe3d320000 - 0x00007ffe3d32c000 	C:\WINDOWS\SYSTEM32\CRYPTBASE.dll
0x00007ffe3ce00000 - 0x00007ffe3ce3a000 	C:\WINDOWS\SYSTEM32\IPHLPAPI.DLL
0x00007ffe3fb90000 - 0x00007ffe3fb98000 	C:\WINDOWS\System32\NSI.dll
0x00007ffe38690000 - 0x00007ffe386a6000 	C:\WINDOWS\SYSTEM32\dhcpcsvc6.DLL
0x00007ffe38670000 - 0x00007ffe3868c000 	C:\WINDOWS\SYSTEM32\dhcpcsvc.DLL
0x00007ffe3ce40000 - 0x00007ffe3cf0b000 	C:\WINDOWS\SYSTEM32\DNSAPI.dll
0x00007ffe32410000 - 0x00007ffe32434000 	D:\CP\New folder (6)\jre\jre\bin\sunec.dll
0x00007ffe32df0000 - 0x00007ffe32dfa000 	C:\Windows\System32\rasadhlp.dll
0x00007ffe38200000 - 0x00007ffe38277000 	C:\WINDOWS\System32\fwpuclnt.dll
0x00007ffe323f0000 - 0x00007ffe323fb000 	D:\CP\New folder (6)\jre\jre\bin\sunmscapi.dll
0x00007ffe3e060000 - 0x00007ffe3e1a9000 	C:\WINDOWS\System32\CRYPT32.dll
0x00007ffe3d900000 - 0x00007ffe3d912000 	C:\WINDOWS\System32\MSASN1.dll

VM Arguments:
jvm_args: -Xmx2048m -Dfile.encoding=windows-1252 -Duser.country=MY -Duser.language=en -Duser.variant 
java_command: org.gradle.launcher.daemon.bootstrap.GradleDaemon 6.1.1
java_class_path (initial): C:\Users\PC\.gradle\wrapper\dists\gradle-6.1.1-all\cfmwm155h49vnt3hynmlrsdst\gradle-6.1.1\lib\gradle-launcher-6.1.1.jar
Launcher Type: SUN_STANDARD

Environment Variables:
PATH=C:\Program Files (x86)\Common Files\Intel\Shared Libraries\redist\intel64\compiler;C:\Program Files (x86)\Razer Chroma SDK\bin;C:\Program Files\Razer Chroma SDK\bin;C:\Program Files (x86)\Common Files\Oracle\Java\javapath;C:\Program Files (x86)\Intel\Intel(R) Management Engine Components\iCLS\;C:\Program Files\Intel\Intel(R) Management Engine Components\iCLS\;C:\Windows\system32;C:\Windows;C:\Windows\System32\Wbem;C:\Windows\System32\WindowsPowerShell\v1.0\;C:\Windows\System32\OpenSSH\;C:\Program Files (x86)\Intel\Intel(R) Management Engine Components\DAL;C:\Program Files\Intel\Intel(R) Management Engine Components\DAL;C:\Program Files (x86)\Intel\Intel(R) Management Engine Components\IPT;C:\Program Files\Intel\Intel(R) Management Engine Components\IPT;C:\Program Files (x86)\NVIDIA Corporation\PhysX\Common;C:\Program Files\NVIDIA Corporation\NVIDIA NvDLISR;C:\Windows\system32\config\systemprofile\AppData\Local\Microsoft\WindowsApps;C:\Program Files\dotnet\;C:\Program Files\Microsoft SQL Server\130\Tools\Binn\;C:\WINDOWS\system32;C:\WINDOWS;C:\WINDOWS\System32\Wbem;C:\WINDOWS\System32\WindowsPowerShell\v1.0\;C:\WINDOWS\System32\OpenSSH\;C:\Program Files\Microsoft SQL Server\Client SDK\ODBC\170\Tools\Binn\;C:\Program Files\Git\cmd;C:\Users\PC\AppData\Local\Microsoft\WindowsApps;C:\Users\PC\AppData\Local\Programs\MiKTeX 2.9\miktex\bin\x64\;C:\Users\PC\AppData\Local\GitHubDesktop\bin;C:\Users\PC\.dotnet\tools
USERNAME=PC
OS=Windows_NT
PROCESSOR_IDENTIFIER=Intel64 Family 6 Model 158 Stepping 10, GenuineIntel



---------------  S Y S T E M  ---------------

OS: Windows 10.0 , 64 bit Build 18362 (10.0.18362.959)

CPU:total 6 (initial active 6) (6 cores per cpu, 1 threads per core) family 6 model 158 stepping 10, cmov, cx8, fxsr, mmx, sse, sse2, sse3, ssse3, sse4.1, sse4.2, popcnt, avx, avx2, aes, clmul, erms, 3dnowpref, lzcnt, tsc, tscinvbit, bmi1, bmi2, adx

Memory: 4k page, physical 16692532k(1400688k free), swap 21870636k(416k free)

vm_info: OpenJDK 64-Bit Server VM (25.242-b01) for windows-amd64 JRE (1.8.0_242-release-1644-b01), built by "builder" with MS VC++ 10.0 (VS2010)

time: Mon Aug 24 23:23:09 2020
timezone: Malay Peninsula Standard Time
elapsed time: 16 seconds (0d 0h 0m 16s)

